<?xml version="1.0" encoding="UTF-8"?>
<!-- Generated by org.testng.reporters.JUnitXMLReporter -->
<testsuite ignored="1" hostname="BLR1-LHP-N61317" failures="1" tests="3" name="Login and Home page tests" time="55.43" errors="0" timestamp="24 Nov 2019 05:32:43 GMT">
  <testcase classname="com.qa.testcases.LoginPageTest" name="validateTitle" time="0.052"/>
  <testcase classname="com.qa.testcases.HomePageTest" name="validateHomePageTitle" time="0.028">
    <failure type="java.lang.AssertionError" message="expected [CRM] but found [Cogmento CRM]">
      <![CDATA[java.lang.AssertionError: expected [CRM] but found [Cogmento CRM]
at com.qa.testcases.HomePageTest.validateHomePageTitle(HomePageTest.java:38)
... Removed 31 stack frames]]>
    </failure>
  </testcase> <!-- validateHomePageTitle -->
  <testcase classname="com.qa.testcases.ContactsPageTest" name="validateFormTitle" time="0.429"/>
  <testcase classname="com.qa.testcases.LoginPageTest" name="validateImage" time="0.0">
    <ignored/>
  </testcase> <!-- validateImage -->
</testsuite> <!-- Login and Home page tests -->
